2024-07-02T02:41:04.684Z - success: protocol editor-framework registered
2024-07-02T02:41:04.684Z - success: protocol app registered
2024-07-02T02:41:04.684Z - success: protocol theme registered
2024-07-02T02:41:04.684Z - success: protocol packages registered
2024-07-02T02:41:04.691Z - normal: Load ~/.CocosCreator/settings.json
2024-07-02T02:41:04.699Z - success: protocol uuid registerred
2024-07-02T02:41:04.699Z - success: protocol db registerred
2024-07-02T02:41:04.699Z - success: protocol thumbnail registerred
2024-07-02T02:41:04.731Z - normal: Initializing Asset Database
2024-07-02T02:41:04.732Z - normal: checking language setting...
2024-07-02T02:41:04.732Z - normal: Language: en
2024-07-02T02:41:04.733Z - success: protocol unpack registerred
2024-07-02T02:41:04.733Z - success: protocol disable-commonjs registerred
2024-07-02T02:41:05.019Z - normal: connected!
2024-07-02T02:41:05.376Z - normal: Check project /Users/xuanping/Documents/cocos/HelloWorld
2024-07-02T02:41:05.378Z - normal: Initializing project /Users/xuanping/Documents/cocos/HelloWorld
2024-07-02T02:41:05.463Z - success: adapters loaded
2024-07-02T02:41:05.465Z - success: asset-db-debugger loaded
2024-07-02T02:41:05.493Z - success: fb-audience-network loaded
2024-07-02T02:41:05.509Z - success: fb-live-stream loaded
2024-07-02T02:41:05.510Z - success: google-play-instant loaded
2024-07-02T02:41:05.510Z - success: jsb-adapter loaded
2024-07-02T02:41:05.511Z - success: package-manager loaded
2024-07-02T02:41:05.511Z - success: runtime-adapters loaded
2024-07-02T02:41:05.512Z - success: runtime-dev-tools loaded
2024-07-02T02:41:05.513Z - success: ui-kit-preview-extra loaded
2024-07-02T02:41:05.514Z - success: ui-kit-preview loaded
2024-07-02T02:41:05.848Z - success: alipay-minigame loaded
2024-07-02T02:41:05.852Z - success: assets loaded
2024-07-02T02:41:05.854Z - success: baidugame-opendata loaded
2024-07-02T02:41:05.855Z - success: baidugame loaded
2024-07-02T02:41:05.856Z - success: builder loaded
2024-07-02T02:41:05.857Z - success: bytedance-opendata loaded
2024-07-02T02:41:05.858Z - success: bytedance loaded
2024-07-02T02:41:05.860Z - success: channel-upload-tools loaded
2024-07-02T02:41:05.920Z - success: cloud-function loaded
2024-07-02T02:41:06.009Z - success: cocos-services loaded
2024-07-02T02:41:06.011Z - success: console loaded
2024-07-02T02:41:06.012Z - success: curve-editor loaded
2024-07-02T02:41:06.017Z - success: fb-instant-games loaded
2024-07-02T02:41:06.018Z - success: game-window loaded
2024-07-02T02:41:06.019Z - success: google-instant-games loaded
2024-07-02T02:41:06.021Z - success: hierarchy loaded
2024-07-02T02:41:06.022Z - success: huawei-agc loaded
2024-07-02T02:41:06.024Z - success: huawei-runtime loaded
2024-07-02T02:41:06.025Z - success: inspector loaded
2024-07-02T02:41:06.033Z - success: cpk-publish loaded
2024-07-02T02:41:06.033Z - success: keystore loaded
2024-07-02T02:41:06.042Z - success: link-sure-runtime loaded
2024-07-02T02:41:06.046Z - success: node-library loaded
2024-07-02T02:41:06.047Z - success: open-recent-items loaded
2024-07-02T02:41:06.049Z - success: openharmony loaded
2024-07-02T02:41:06.051Z - success: oppo-runtime loaded
2024-07-02T02:41:06.052Z - success: package-asset loaded
2024-07-02T02:41:06.052Z - success: preferences loaded
2024-07-02T02:41:06.054Z - success: project-importer loaded
2024-07-02T02:41:06.056Z - success: project-settings loaded
2024-07-02T02:41:06.064Z - success: qtt-runtime loaded
2024-07-02T02:41:06.066Z - success: scene loaded
2024-07-02T02:41:06.067Z - success: simulator-debugger loaded
2024-07-02T02:41:06.067Z - success: sprite-editor loaded
2024-07-02T02:41:06.098Z - success: store loaded
2024-07-02T02:41:06.100Z - success: taobao-creativeapp loaded
2024-07-02T02:41:06.101Z - success: taobao-minigame loaded
2024-07-02T02:41:06.103Z - success: timeline loaded
2024-07-02T02:41:06.106Z - success: vivo-runtime loaded
2024-07-02T02:41:06.107Z - success: wechatgame-opendata loaded
2024-07-02T02:41:06.108Z - success: wechatgame loaded
2024-07-02T02:41:06.110Z - success: xiaomi-runtime loaded
2024-07-02T02:41:06.110Z - success: preview server running at http://localhost:7456
2024-07-02T02:41:06.577Z - normal: Initializing Cocos2d
2024-07-02T02:41:06.708Z - normal: Initializing engine extends
2024-07-02T02:41:08.126Z - info: Cocos Service load base data!
2024-07-02T02:41:08.867Z - success: im-plugin loaded
2024-07-02T02:41:11.235Z - normal: Loading packages
2024-07-02T02:41:11.236Z - error: Failed to add menu to Panel,
          a menu item Panel/Cocos Assistant you tried to add already exists
    at u.add (/Applications/Cocos/Creator/2.4.13/CocosCreator.app/Contents/Resources/app.asar/editor-framework/lib/main/menu.ccc:1:889)
    at Object.add (/Applications/Cocos/Creator/2.4.13/CocosCreator.app/Contents/Resources/app.asar/editor-framework/lib/main/main-menu.ccc:1:3847)
    at /Applications/Cocos/Creator/2.4.13/CocosCreator.app/Contents/Resources/app.asar/editor-framework/lib/main/package.ccc:1:2431
    at /Applications/Cocos/Creator/2.4.13/CocosCreator.app/Contents/Resources/app.asar/node_modules/async/dist/async.js:2952:28
    at replenish (/Applications/Cocos/Creator/2.4.13/CocosCreator.app/Contents/Resources/app.asar/node_modules/async/dist/async.js:444:21)
    at /Applications/Cocos/Creator/2.4.13/CocosCreator.app/Contents/Resources/app.asar/node_modules/async/dist/async.js:449:13
    at eachOfLimit$1 (/Applications/Cocos/Creator/2.4.13/CocosCreator.app/Contents/Resources/app.asar/node_modules/async/dist/async.js:475:34)
    at awaitable(eachOfLimit$1) (/Applications/Cocos/Creator/2.4.13/CocosCreator.app/Contents/Resources/app.asar/node_modules/async/dist/async.js:208:32)
    at eachOfSeries (/Applications/Cocos/Creator/2.4.13/CocosCreator.app/Contents/Resources/app.asar/node_modules/async/dist/async.js:662:16)
2024-07-02T02:41:11.236Z - failed: Failed to load panel "panel" from "im-plugin", the panelID im-plugin already exists
2024-07-02T02:41:11.237Z - success: im-plugin loaded
2024-07-02T02:41:11.237Z - normal: Run Application
2024-07-02T02:41:13.421Z - success: cloud-function unloaded
2024-07-02T02:42:23.951Z - normal: Start building with options : {
  "excludeScenes": [],
  "orientation": {
    "landscapeLeft": true,
    "landscapeRight": true,
    "portrait": false,
    "upsideDown": false
  },
  "packageName": "org.cocos2d.helloworld",
  "startScene": "2d2f792f-a40c-49bb-a189-ed176a246e49",
  "title": "hello_world",
  "webOrientation": "auto",
  "inlineSpriteFrames": true,
  "inlineSpriteFrames_native": true,
  "mainCompressionType": "default",
  "mainIsRemote": false,
  "optimizeHotUpdate": false,
  "md5Cache": true,
  "encryptJs": true,
  "xxteaKey": "d4d878ff-555e-40",
  "zipCompressJs": true,
  "fb-instant-games": {},
  "android": {
    "packageName": "org.cocos2d.demo",
    "REMOTE_SERVER_ROOT": ""
  },
  "ios": {
    "packageName": "org.cocos2d.demo",
    "REMOTE_SERVER_ROOT": "",
    "ios_enable_jit": true
  },
  "mac": {
    "packageName": "org.cocos2d.demo",
    "REMOTE_SERVER_ROOT": "",
    "width": 1280,
    "height": 720
  },
  "win32": {
    "REMOTE_SERVER_ROOT": "",
    "width": 1280,
    "height": 720
  },
  "android-instant": {
    "packageName": "org.cocos2d.demo",
    "REMOTE_SERVER_ROOT": "",
    "pathPattern": "",
    "scheme": "https",
    "host": "",
    "skipRecord": false,
    "recordPath": ""
  },
  "openharmony": {
    "packageName": "com.cocos.openharmony",
    "REMOTE_SERVER_ROOT": ""
  },
  "appBundle": false,
  "agreements": {},
  "platform": "ios",
  "actualPlatform": "ios",
  "template": "default",
  "buildPath": "/Users/xuanping/Documents/cocos/HelloWorld/build",
  "debug": false,
  "sourceMaps": false,
  "embedWebDebugger": false,
  "previewWidth": "1280",
  "previewHeight": "720",
  "useDebugKeystore": true,
  "apiLevel": "",
  "appABIs": [],
  "vsVersion": "auto",
  "buildScriptsOnly": false,
  "dest": "/Users/xuanping/Documents/cocos/HelloWorld/build/jsb-default",
  "separateEngineMode": false,
  "scenes": [
    "2d2f792f-a40c-49bb-a189-ed176a246e49"
  ],
  "excludedModules": [
    "3D Physics/cannon.js",
    "3D Physics/Builtin",
    "3D Particle",
    "SafeArea"
  ],
  "project": "/Users/xuanping/Documents/cocos/HelloWorld",
  "projectName": "hello_world",
  "debugBuildWorker": false
}
2024-07-02T02:42:24.041Z - normal: Building /Users/xuanping/Documents/cocos/HelloWorld
2024-07-02T02:42:24.042Z - normal: Destination /Users/xuanping/Documents/cocos/HelloWorld/build/jsb-default
2024-07-02T02:42:24.079Z - normal: Start spawn build-worker
2024-07-02T02:42:24.831Z - normal: Finish spawn build-worker
2024-07-02T02:42:24.831Z - normal: Delete /Users/xuanping/Documents/cocos/HelloWorld/build/jsb-default/assets/**/*,/Users/xuanping/Documents/cocos/HelloWorld/build/jsb-default/remote/**/*,/Users/xuanping/Documents/cocos/HelloWorld/build/jsb-default/src/**/*
2024-07-02T02:42:30.876Z - error: Build Failed: Error: Can\'t find python, please install python or check your environment, The installation of python manual: https://docs.cocos.com/creator/2.4/manual/en/publish/short-tutorial-to-install-python.html, detail info: Error: spawn python ENOENT
    at ChildProcess.<anonymous> (/Applications/Cocos/Creator/2.4.13/CocosCreator.app/Contents/Resources/app.asar/editor/core/native-utils.ccc:1:3873)
    at ChildProcess.emit (events.js:315:20)
    at ChildProcess.emit (domain.js:467:12)
    at Process.onexit (internal/child_process.js:275:12)
    at onErrorNT (internal/child_process.js:465:16)
    at processTicksAndRejections (internal/process/task_queues.js:80:21)
    at /Applications/Cocos/Creator/2.4.13/CocosCreator.app/Contents/Resources/app.asar/editor/lib/builder/index.ccc:1:4014
    at wrapper (/Applications/Cocos/Creator/2.4.13/CocosCreator.app/Contents/Resources/app.asar/node_modules/async/dist/async.js:272:20)
    at next (/Applications/Cocos/Creator/2.4.13/CocosCreator.app/Contents/Resources/app.asar/node_modules/async/dist/async.js:4584:24)
    at /Applications/Cocos/Creator/2.4.13/CocosCreator.app/Contents/Resources/app.asar/node_modules/async/dist/async.js:325:20
    at /Applications/Cocos/Creator/2.4.13/CocosCreator.app/Contents/Resources/app.asar/editor/core/gulp-build.ccc:1:27922
    at /Applications/Cocos/Creator/2.4.13/CocosCreator.app/Contents/Resources/app.asar/editor/core/gulp-build.ccc:1:5999
    at Gulp.<anonymous> (/Applications/Cocos/Creator/2.4.13/CocosCreator.app/Contents/Resources/app.asar/editor/core/gulp-build.ccc:1:29024)
    at Object.onceWrapper (events.js:422:26)
    at Gulp.emit (events.js:315:20)
2024-07-02T03:40:32.245Z - normal: Start building with options : {
  "excludeScenes": [],
  "orientation": {
    "landscapeLeft": true,
    "landscapeRight": true,
    "portrait": false,
    "upsideDown": false
  },
  "packageName": "org.cocos2d.helloworld",
  "startScene": "2d2f792f-a40c-49bb-a189-ed176a246e49",
  "title": "hello_world",
  "webOrientation": "auto",
  "inlineSpriteFrames": true,
  "inlineSpriteFrames_native": true,
  "mainCompressionType": "default",
  "mainIsRemote": false,
  "optimizeHotUpdate": false,
  "md5Cache": true,
  "encryptJs": true,
  "xxteaKey": "d4d878ff-555e-40",
  "zipCompressJs": true,
  "fb-instant-games": {},
  "android": {
    "packageName": "org.cocos2d.demo",
    "REMOTE_SERVER_ROOT": ""
  },
  "ios": {
    "packageName": "org.cocos2d.demo",
    "REMOTE_SERVER_ROOT": "",
    "ios_enable_jit": true
  },
  "mac": {
    "packageName": "org.cocos2d.demo",
    "REMOTE_SERVER_ROOT": "",
    "width": 1280,
    "height": 720
  },
  "win32": {
    "REMOTE_SERVER_ROOT": "",
    "width": 1280,
    "height": 720
  },
  "android-instant": {
    "packageName": "org.cocos2d.demo",
    "REMOTE_SERVER_ROOT": "",
    "pathPattern": "",
    "scheme": "https",
    "host": "",
    "skipRecord": false,
    "recordPath": ""
  },
  "openharmony": {
    "packageName": "com.cocos.openharmony",
    "REMOTE_SERVER_ROOT": ""
  },
  "appBundle": false,
  "agreements": {},
  "platform": "ios",
  "actualPlatform": "ios",
  "template": "default",
  "buildPath": "/Users/xuanping/Documents/cocos/HelloWorld/build",
  "debug": false,
  "sourceMaps": false,
  "embedWebDebugger": false,
  "previewWidth": "1280",
  "previewHeight": "720",
  "useDebugKeystore": true,
  "apiLevel": "",
  "appABIs": [],
  "vsVersion": "auto",
  "buildScriptsOnly": false,
  "dest": "/Users/xuanping/Documents/cocos/HelloWorld/build/jsb-default",
  "separateEngineMode": false,
  "scenes": [
    "2d2f792f-a40c-49bb-a189-ed176a246e49"
  ],
  "excludedModules": [
    "3D Physics/cannon.js",
    "3D Physics/Builtin",
    "3D Particle",
    "SafeArea"
  ],
  "project": "/Users/xuanping/Documents/cocos/HelloWorld",
  "projectName": "hello_world",
  "debugBuildWorker": false
}
2024-07-02T03:40:32.246Z - normal: Building /Users/xuanping/Documents/cocos/HelloWorld
2024-07-02T03:40:32.246Z - normal: Destination /Users/xuanping/Documents/cocos/HelloWorld/build/jsb-default
2024-07-02T03:40:32.247Z - normal: Start spawn build-worker
2024-07-02T03:40:33.064Z - normal: Finish spawn build-worker
2024-07-02T03:40:33.064Z - normal: Delete /Users/xuanping/Documents/cocos/HelloWorld/build/jsb-default/assets/**/*,/Users/xuanping/Documents/cocos/HelloWorld/build/jsb-default/remote/**/*,/Users/xuanping/Documents/cocos/HelloWorld/build/jsb-default/src/**/*
2024-07-02T03:40:33.164Z - normal: Checked Python Version [2.7.18]
2024-07-02T03:40:34.635Z - normal: Creating native cocos project to  /Users/xuanping/Documents/cocos/HelloWorld/build/jsb-default
2024-07-02T03:40:52.199Z - normal: Compiling /Users/xuanping/Documents/cocos/HelloWorld
2024-07-02T03:40:52.301Z - normal: Start init build-worker
2024-07-02T03:40:52.974Z - normal: Finish init build-worker
2024-07-02T03:40:52.974Z - normal: Start build-assets in worker
2024-07-02T03:40:52.974Z - normal: 
--- build-asset: {"root":"db://internal/resources","name":"internal","dest":"/Users/xuanping/Documents/cocos/HelloWorld/build/jsb-default/assets/internal","scriptDest":"/Users/xuanping/Documents/cocos/HelloWorld/build/jsb-default/assets/internal","priority":11,"scenes":[],"compressionType":"merge_all_json"}

2024-07-02T03:40:53.013Z - normal: 
--- build-asset: {"root":null,"priority":7,"dest":"/Users/xuanping/Documents/cocos/HelloWorld/build/jsb-default/assets/main","scriptDest":"/Users/xuanping/Documents/cocos/HelloWorld/build/jsb-default/assets/main","name":"main","scenes":["2d2f792f-a40c-49bb-a189-ed176a246e49"],"compressionType":"default","optimizeHotUpdate":false,"inlineSpriteFrames":true,"isRemote":false}

2024-07-02T03:40:53.014Z - info: Enable "Inline all SpriteFrames" in native platform will increase the package size used in hot update.
2024-07-02T03:40:53.028Z - normal: Finish build-assets in worker
2024-07-02T03:40:53.029Z - normal: Start building plugin scripts
2024-07-02T03:40:53.032Z - normal: Generating main.js from /Applications/Cocos/Creator/2.4.13/CocosCreator.app/Contents/Resources/static/build-templates/shares/main.js
2024-07-02T03:40:53.159Z - normal: Checked Python Version [2.7.18]
2024-07-02T03:40:54.485Z - normal: Built to "/Users/xuanping/Documents/cocos/HelloWorld/build/jsb-default" successfully
